# JRE version: 7.0_17-b02
# Java VM: OpenJDK 64-Bit Server VM (23.7-b01 mixed mode linux-amd64 compressed oops)
Heap
 PSYoungGen      total 132224K, used 25295K [0x00000000f5560000, 0x00000000ff9f0000, 0x0000000100000000)
  eden space 96320K, 26% used [0x00000000f5560000,0x00000000f6e13f88,0x00000000fb370000)
  from space 35904K, 0% used [0x00000000fb370000,0x00000000fb370000,0x00000000fd680000)
  to   space 36032K, 0% used [0x00000000fd6c0000,0x00000000fd6c0000,0x00000000ff9f0000)
 ParOldGen       total 69376K, used 29592K [0x00000000e0000000, 0x00000000e43c0000, 0x00000000f5560000)
  object space 69376K, 42% used [0x00000000e0000000,0x00000000e1ce6378,0x00000000e43c0000)
 PSPermGen       total 98432K, used 71074K [0x00000000d0000000, 0x00000000d6020000, 0x00000000e0000000)
  object space 98432K, 72% used [0x00000000d0000000,0x00000000d4568850,0x00000000d6020000)
GC Heap History (10 events):
Event: 187.637 GC heap before
{Heap before GC invocations=29 (full 6):
 PSYoungGen      total 108224K, used 11763K [0x00000000f5560000, 0x00000000ff970000, 0x0000000100000000)
  eden space 96448K, 0% used [0x00000000f5560000,0x00000000f5560000,0x00000000fb390000)
  from space 11776K, 99% used [0x00000000fb390000,0x00000000fbf0cea0,0x00000000fbf10000)
  to   space 35776K, 0% used [0x00000000fd680000,0x00000000fd680000,0x00000000ff970000)
 ParOldGen       total 69376K, used 29592K [0x00000000e0000000, 0x00000000e43c0000, 0x00000000f5560000)
  object space 69376K, 42% used [0x00000000e0000000,0x00000000e1ce6080,0x00000000e43c0000)
 PSPermGen       total 92288K, used 68195K [0x00000000d0000000, 0x00000000d5a20000, 0x00000000e0000000)
  object space 92288K, 73% used [0x00000000d0000000,0x00000000d4298d58,0x00000000d5a20000)
Event: 187.768 GC heap after
Heap after GC invocations=29 (full 6):
 PSYoungGen      total 108224K, used 0K [0x00000000f5560000, 0x00000000ff970000, 0x0000000100000000)
  eden space 96448K, 0% used [0x00000000f5560000,0x00000000f5560000,0x00000000fb390000)
  from space 11776K, 0% used [0x00000000fb390000,0x00000000fb390000,0x00000000fbf10000)
  to   space 35776K, 0% used [0x00000000fd680000,0x00000000fd680000,0x00000000ff970000)
 ParOldGen       total 69376K, used 36812K [0x00000000e0000000, 0x00000000e43c0000, 0x00000000f5560000)
  object space 69376K, 53% used [0x00000000e0000000,0x00000000e23f33a8,0x00000000e43c0000)
 PSPermGen       total 100672K, used 68190K [0x00000000d0000000, 0x00000000d6250000, 0x00000000e0000000)
  object space 100672K, 67% used [0x00000000d0000000,0x00000000d4297b90,0x00000000d6250000)
}
Event: 247.626 GC heap before
{Heap before GC invocations=30 (full 6):
 PSYoungGen      total 108224K, used 26286K [0x00000000f5560000, 0x00000000ff970000, 0x0000000100000000)
  eden space 96448K, 27% used [0x00000000f5560000,0x00000000f6f0bb58,0x00000000fb390000)
  from space 11776K, 0% used [0x00000000fb390000,0x00000000fb390000,0x00000000fbf10000)
  to   space 35776K, 0% used [0x00000000fd680000,0x00000000fd680000,0x00000000ff970000)
 ParOldGen       total 69376K, used 36812K [0x00000000e0000000, 0x00000000e43c0000, 0x00000000f5560000)
  object space 69376K, 53% used [0x00000000e0000000,0x00000000e23f33a8,0x00000000e43c0000)
 PSPermGen       total 100672K, used 69298K [0x00000000d0000000, 0x00000000d6250000, 0x00000000e0000000)
  object space 100672K, 68% used [0x00000000d0000000,0x00000000d43acb90,0x00000000d6250000)
Event: 247.633 GC heap after
Heap after GC invocations=30 (full 6):
 PSYoungGen      total 132096K, used 2238K [0x00000000f5560000, 0x00000000ff9b0000, 0x0000000100000000)
  eden space 96320K, 0% used [0x00000000f5560000,0x00000000f5560000,0x00000000fb370000)
  from space 35776K, 6% used [0x00000000fd680000,0x00000000fd8afb58,0x00000000ff970000)
  to   space 35904K, 0% used [0x00000000fb370000,0x00000000fb370000,0x00000000fd680000)
 ParOldGen       total 69376K, used 36820K [0x00000000e0000000, 0x00000000e43c0000, 0x00000000f5560000)
  object space 69376K, 53% used [0x00000000e0000000,0x00000000e23f53a8,0x00000000e43c0000)
 PSPermGen       total 100672K, used 69298K [0x00000000d0000000, 0x00000000d6250000, 0x00000000e0000000)
  object space 100672K, 68% used [0x00000000d0000000,0x00000000d43acb90,0x00000000d6250000)
}
Event: 247.633 GC heap before
{Heap before GC invocations=31 (full 7):
 PSYoungGen      total 132096K, used 2238K [0x00000000f5560000, 0x00000000ff9b0000, 0x0000000100000000)
  eden space 96320K, 0% used [0x00000000f5560000,0x00000000f5560000,0x00000000fb370000)
  from space 35776K, 6% used [0x00000000fd680000,0x00000000fd8afb58,0x00000000ff970000)
  to   space 35904K, 0% used [0x00000000fb370000,0x00000000fb370000,0x00000000fd680000)
 ParOldGen       total 69376K, used 36820K [0x00000000e0000000, 0x00000000e43c0000, 0x00000000f5560000)
  object space 69376K, 53% used [0x00000000e0000000,0x00000000e23f53a8,0x00000000e43c0000)
 PSPermGen       total 100672K, used 69298K [0x00000000d0000000, 0x00000000d6250000, 0x00000000e0000000)
  object space 100672K, 68% used [0x00000000d0000000,0x00000000d43acb90,0x00000000d6250000)
Event: 247.762 GC heap after
Heap after GC invocations=31 (full 7):
 PSYoungGen      total 132096K, used 0K [0x00000000f5560000, 0x00000000ff9b0000, 0x0000000100000000)
  eden space 96320K, 0% used [0x00000000f5560000,0x00000000f5560000,0x00000000fb370000)
  from space 35776K, 0% used [0x00000000fd680000,0x00000000fd680000,0x00000000ff970000)
  to   space 35904K, 0% used [0x00000000fb370000,0x00000000fb370000,0x00000000fd680000)
 ParOldGen       total 69376K, used 30461K [0x00000000e0000000, 0x00000000e43c0000, 0x00000000f5560000)
  object space 69376K, 43% used [0x00000000e0000000,0x00000000e1dbf5d8,0x00000000e43c0000)
 PSPermGen       total 100032K, used 69298K [0x00000000d0000000, 0x00000000d61b0000, 0x00000000e0000000)
  object space 100032K, 69% used [0x00000000d0000000,0x00000000d43ac808,0x00000000d61b0000)
}
Event: 307.628 GC heap before
{Heap before GC invocations=32 (full 7):
 PSYoungGen      total 132096K, used 7564K [0x00000000f5560000, 0x00000000ff9b0000, 0x0000000100000000)
  eden space 96320K, 7% used [0x00000000f5560000,0x00000000f5cc33e8,0x00000000fb370000)
  from space 35776K, 0% used [0x00000000fd680000,0x00000000fd680000,0x00000000ff970000)
  to   space 35904K, 0% used [0x00000000fb370000,0x00000000fb370000,0x00000000fd680000)
 ParOldGen       total 69376K, used 30461K [0x00000000e0000000, 0x00000000e43c0000, 0x00000000f5560000)
  object space 69376K, 43% used [0x00000000e0000000,0x00000000e1dbf5d8,0x00000000e43c0000)
 PSPermGen       total 100032K, used 69375K [0x00000000d0000000, 0x00000000d61b0000, 0x00000000e0000000)
  object space 100032K, 69% used [0x00000000d0000000,0x00000000d43bfc20,0x00000000d61b0000)
Event: 307.632 GC heap after
Heap after GC invocations=32 (full 7):
 PSYoungGen      total 132224K, used 128K [0x00000000f5560000, 0x00000000ff9f0000, 0x0000000100000000)
  eden space 96320K, 0% used [0x00000000f5560000,0x00000000f5560000,0x00000000fb370000)
  from space 35904K, 0% used [0x00000000fb370000,0x00000000fb390000,0x00000000fd680000)
  to   space 36032K, 0% used [0x00000000fd6c0000,0x00000000fd6c0000,0x00000000ff9f0000)
 ParOldGen       total 69376K, used 30461K [0x00000000e0000000, 0x00000000e43c0000, 0x00000000f5560000)
  object space 69376K, 43% used [0x00000000e0000000,0x00000000e1dbf5d8,0x00000000e43c0000)
 PSPermGen       total 100032K, used 69375K [0x00000000d0000000, 0x00000000d61b0000, 0x00000000e0000000)
  object space 100032K, 69% used [0x00000000d0000000,0x00000000d43bfc20,0x00000000d61b0000)
}
Event: 307.632 GC heap before
{Heap before GC invocations=33 (full 8):
 PSYoungGen      total 132224K, used 128K [0x00000000f5560000, 0x00000000ff9f0000, 0x0000000100000000)
  eden space 96320K, 0% used [0x00000000f5560000,0x00000000f5560000,0x00000000fb370000)
  from space 35904K, 0% used [0x00000000fb370000,0x00000000fb390000,0x00000000fd680000)
  to   space 36032K, 0% used [0x00000000fd6c0000,0x00000000fd6c0000,0x00000000ff9f0000)
 ParOldGen       total 69376K, used 30461K [0x00000000e0000000, 0x00000000e43c0000, 0x00000000f5560000)
  object space 69376K, 43% used [0x00000000e0000000,0x00000000e1dbf5d8,0x00000000e43c0000)
 PSPermGen       total 100032K, used 69375K [0x00000000d0000000, 0x00000000d61b0000, 0x00000000e0000000)
  object space 100032K, 69% used [0x00000000d0000000,0x00000000d43bfc20,0x00000000d61b0000)
Event: 307.743 GC heap after
Heap after GC invocations=33 (full 8):
 PSYoungGen      total 132224K, used 0K [0x00000000f5560000, 0x00000000ff9f0000, 0x0000000100000000)
  eden space 96320K, 0% used [0x00000000f5560000,0x00000000f5560000,0x00000000fb370000)
  from space 35904K, 0% used [0x00000000fb370000,0x00000000fb370000,0x00000000fd680000)
  to   space 36032K, 0% used [0x00000000fd6c0000,0x00000000fd6c0000,0x00000000ff9f0000)
 ParOldGen       total 69376K, used 29592K [0x00000000e0000000, 0x00000000e43c0000, 0x00000000f5560000)
  object space 69376K, 42% used [0x00000000e0000000,0x00000000e1ce6378,0x00000000e43c0000)
 PSPermGen       total 98432K, used 69374K [0x00000000d0000000, 0x00000000d6020000, 0x00000000e0000000)
  object space 98432K, 70% used [0x00000000d0000000,0x00000000d43bfb70,0x00000000d6020000)
}

